ERROR - 2025-07-12 09:19:32 --> Error connecting to the database: mysqli_sql_exception: No connection could be made because the target machine actively refused it in C:\Users\rezaa\Downloads\UAS_Web_Reza\ci4\system\Database\MySQLi\Connection.php:201
Stack trace:
#0 C:\Users\rezaa\Downloads\UAS_Web_Reza\ci4\system\Database\MySQLi\Connection.php(201): mysqli->real_connect('127.0.0.1:3307', 'root', Object(SensitiveParameterValue), 'lab_ci4', 3306, '', 0)
#1 C:\Users\rezaa\Downloads\UAS_Web_Reza\ci4\system\Database\BaseConnection.php(421): CodeIgniter\Database\MySQLi\Connection->connect(false)
#2 C:\Users\rezaa\Downloads\UAS_Web_Reza\ci4\system\Database\BaseConnection.php(620): CodeIgniter\Database\BaseConnection->initialize()
#3 C:\Users\rezaa\Downloads\UAS_Web_Reza\ci4\system\Database\BaseBuilder.php(1649): CodeIgniter\Database\BaseConnection->query('SELECT *\nFROM `...', Array, false)
#4 C:\Users\rezaa\Downloads\UAS_Web_Reza\ci4\system\Model.php(286): CodeIgniter\Database\BaseBuilder->get()
#5 C:\Users\rezaa\Downloads\UAS_Web_Reza\ci4\system\BaseModel.php(675): CodeIgniter\Model->doFindAll(0, 0)
#6 C:\Users\rezaa\Downloads\UAS_Web_Reza\ci4\app\Cells\ArtikelTerkini.php(12): CodeIgniter\BaseModel->findAll()
#7 C:\Users\rezaa\Downloads\UAS_Web_Reza\ci4\system\View\Cell.php(283): App\Cells\ArtikelTerkini->render()
#8 C:\Users\rezaa\Downloads\UAS_Web_Reza\ci4\system\View\Cell.php(104): CodeIgniter\View\Cell->renderSimpleClass(Object(App\Cells\ArtikelTerkini), 'render', Array, 'App\\Cells\\Artik...')
#9 C:\Users\rezaa\Downloads\UAS_Web_Reza\ci4\system\Common.php(1189): CodeIgniter\View\Cell->render('App\\Cells\\Artik...', Array, 0, 'AppCellsArtikel...')
#10 C:\Users\rezaa\Downloads\UAS_Web_Reza\ci4\app\Views\template\footer.php(4): view_cell('App\\Cells\\Artik...')
#11 C:\Users\rezaa\Downloads\UAS_Web_Reza\ci4\system\View\View.php(224): include('C:\\Users\\rezaa\\...')
#12 C:\Users\rezaa\Downloads\UAS_Web_Reza\ci4\system\View\View.php(227): CodeIgniter\View\View->CodeIgniter\View\{closure}()
#13 C:\Users\rezaa\Downloads\UAS_Web_Reza\ci4\system\View\View.php(475): CodeIgniter\View\View->render('template/footer', NULL, true)
#14 C:\Users\rezaa\Downloads\UAS_Web_Reza\ci4\app\Views\view\about.php(5): CodeIgniter\View\View->include('template/footer')
#15 C:\Users\rezaa\Downloads\UAS_Web_Reza\ci4\system\View\View.php(224): include('C:\\Users\\rezaa\\...')
#16 C:\Users\rezaa\Downloads\UAS_Web_Reza\ci4\system\View\View.php(227): CodeIgniter\View\View->CodeIgniter\View\{closure}()
#17 C:\Users\rezaa\Downloads\UAS_Web_Reza\ci4\system\Common.php(1173): CodeIgniter\View\View->render('view/about', Array, true)
#18 C:\Users\rezaa\Downloads\UAS_Web_Reza\ci4\app\Controllers\Page.php(9): view('view/about', Array)
#19 C:\Users\rezaa\Downloads\UAS_Web_Reza\ci4\system\CodeIgniter.php(933): App\Controllers\Page->about()
#20 C:\Users\rezaa\Downloads\UAS_Web_Reza\ci4\system\CodeIgniter.php(507): CodeIgniter\CodeIgniter->runController(Object(App\Controllers\Page))
#21 C:\Users\rezaa\Downloads\UAS_Web_Reza\ci4\system\CodeIgniter.php(354): CodeIgniter\CodeIgniter->handleRequest(NULL, Object(Config\Cache), false)
#22 C:\Users\rezaa\Downloads\UAS_Web_Reza\ci4\system\Boot.php(334): CodeIgniter\CodeIgniter->run()
#23 C:\Users\rezaa\Downloads\UAS_Web_Reza\ci4\system\Boot.php(67): CodeIgniter\Boot::runCodeIgniter(Object(CodeIgniter\CodeIgniter))
#24 C:\Users\rezaa\Downloads\UAS_Web_Reza\ci4\public\index.php(56): CodeIgniter\Boot::bootWeb(Object(Config\Paths))
#25 C:\Users\rezaa\Downloads\UAS_Web_Reza\ci4\system\rewrite.php(44): require_once('C:\\Users\\rezaa\\...')
#26 {main}

Next CodeIgniter\Database\Exceptions\DatabaseException: No connection could be made because the target machine actively refused it in C:\Users\rezaa\Downloads\UAS_Web_Reza\ci4\system\Database\MySQLi\Connection.php:246
Stack trace:
#0 C:\Users\rezaa\Downloads\UAS_Web_Reza\ci4\system\Database\BaseConnection.php(421): CodeIgniter\Database\MySQLi\Connection->connect(false)
#1 C:\Users\rezaa\Downloads\UAS_Web_Reza\ci4\system\Database\BaseConnection.php(620): CodeIgniter\Database\BaseConnection->initialize()
#2 C:\Users\rezaa\Downloads\UAS_Web_Reza\ci4\system\Database\BaseBuilder.php(1649): CodeIgniter\Database\BaseConnection->query('SELECT *\nFROM `...', Array, false)
#3 C:\Users\rezaa\Downloads\UAS_Web_Reza\ci4\system\Model.php(286): CodeIgniter\Database\BaseBuilder->get()
#4 C:\Users\rezaa\Downloads\UAS_Web_Reza\ci4\system\BaseModel.php(675): CodeIgniter\Model->doFindAll(0, 0)
#5 C:\Users\rezaa\Downloads\UAS_Web_Reza\ci4\app\Cells\ArtikelTerkini.php(12): CodeIgniter\BaseModel->findAll()
#6 C:\Users\rezaa\Downloads\UAS_Web_Reza\ci4\system\View\Cell.php(283): App\Cells\ArtikelTerkini->render()
#7 C:\Users\rezaa\Downloads\UAS_Web_Reza\ci4\system\View\Cell.php(104): CodeIgniter\View\Cell->renderSimpleClass(Object(App\Cells\ArtikelTerkini), 'render', Array, 'App\\Cells\\Artik...')
#8 C:\Users\rezaa\Downloads\UAS_Web_Reza\ci4\system\Common.php(1189): CodeIgniter\View\Cell->render('App\\Cells\\Artik...', Array, 0, 'AppCellsArtikel...')
#9 C:\Users\rezaa\Downloads\UAS_Web_Reza\ci4\app\Views\template\footer.php(4): view_cell('App\\Cells\\Artik...')
#10 C:\Users\rezaa\Downloads\UAS_Web_Reza\ci4\system\View\View.php(224): include('C:\\Users\\rezaa\\...')
#11 C:\Users\rezaa\Downloads\UAS_Web_Reza\ci4\system\View\View.php(227): CodeIgniter\View\View->CodeIgniter\View\{closure}()
#12 C:\Users\rezaa\Downloads\UAS_Web_Reza\ci4\system\View\View.php(475): CodeIgniter\View\View->render('template/footer', NULL, true)
#13 C:\Users\rezaa\Downloads\UAS_Web_Reza\ci4\app\Views\view\about.php(5): CodeIgniter\View\View->include('template/footer')
#14 C:\Users\rezaa\Downloads\UAS_Web_Reza\ci4\system\View\View.php(224): include('C:\\Users\\rezaa\\...')
#15 C:\Users\rezaa\Downloads\UAS_Web_Reza\ci4\system\View\View.php(227): CodeIgniter\View\View->CodeIgniter\View\{closure}()
#16 C:\Users\rezaa\Downloads\UAS_Web_Reza\ci4\system\Common.php(1173): CodeIgniter\View\View->render('view/about', Array, true)
#17 C:\Users\rezaa\Downloads\UAS_Web_Reza\ci4\app\Controllers\Page.php(9): view('view/about', Array)
#18 C:\Users\rezaa\Downloads\UAS_Web_Reza\ci4\system\CodeIgniter.php(933): App\Controllers\Page->about()
#19 C:\Users\rezaa\Downloads\UAS_Web_Reza\ci4\system\CodeIgniter.php(507): CodeIgniter\CodeIgniter->runController(Object(App\Controllers\Page))
#20 C:\Users\rezaa\Downloads\UAS_Web_Reza\ci4\system\CodeIgniter.php(354): CodeIgniter\CodeIgniter->handleRequest(NULL, Object(Config\Cache), false)
#21 C:\Users\rezaa\Downloads\UAS_Web_Reza\ci4\system\Boot.php(334): CodeIgniter\CodeIgniter->run()
#22 C:\Users\rezaa\Downloads\UAS_Web_Reza\ci4\system\Boot.php(67): CodeIgniter\Boot::runCodeIgniter(Object(CodeIgniter\CodeIgniter))
#23 C:\Users\rezaa\Downloads\UAS_Web_Reza\ci4\public\index.php(56): CodeIgniter\Boot::bootWeb(Object(Config\Paths))
#24 C:\Users\rezaa\Downloads\UAS_Web_Reza\ci4\system\rewrite.php(44): require_once('C:\\Users\\rezaa\\...')
#25 {main}
CRITICAL - 2025-07-12 09:19:32 --> CodeIgniter\Database\Exceptions\DatabaseException: Unable to connect to the database.
Main connection [MySQLi]: No connection could be made because the target machine actively refused it
[Method: GET, Route: about]
in SYSTEMPATH\Database\BaseConnection.php on line 467.
 1 SYSTEMPATH\Database\BaseConnection.php(620): CodeIgniter\Database\BaseConnection->initialize()
 2 SYSTEMPATH\Database\BaseBuilder.php(1649): CodeIgniter\Database\BaseConnection->query('SELECT *
FROM `artikel`
ORDER BY `created_at` DESC
 LIMIT 5', [], false)
 3 SYSTEMPATH\Model.php(286): CodeIgniter\Database\BaseBuilder->get()
 4 SYSTEMPATH\BaseModel.php(675): CodeIgniter\Model->doFindAll(0, 0)
 5 APPPATH\Cells\ArtikelTerkini.php(12): CodeIgniter\BaseModel->findAll()
 6 SYSTEMPATH\View\Cell.php(283): App\Cells\ArtikelTerkini->render()
 7 SYSTEMPATH\View\Cell.php(104): CodeIgniter\View\Cell->renderSimpleClass(Object(App\Cells\ArtikelTerkini), 'render', [], 'App\\Cells\\ArtikelTerkini')
 8 SYSTEMPATH\Common.php(1189): CodeIgniter\View\Cell->render('App\\Cells\\ArtikelTerkini::render', [], 0, 'AppCellsArtikelTerkinirender40cd750bba9870f18aada2478b24840a')
 9 APPPATH\Views\template\footer.php(4): view_cell('App\\Cells\\ArtikelTerkini::render')
10 SYSTEMPATH\View\View.php(224): include('C:\\Users\\rezaa\\Downloads\\UAS_Web_Reza\\ci4\\app\\Views\\template\\footer.php')
11 SYSTEMPATH\View\View.php(227): CodeIgniter\View\View->CodeIgniter\View\{closure}()
12 SYSTEMPATH\View\View.php(475): CodeIgniter\View\View->render('template/footer', null, true)
13 APPPATH\Views\view\about.php(5): CodeIgniter\View\View->include('template/footer')
14 SYSTEMPATH\View\View.php(224): include('C:\\Users\\rezaa\\Downloads\\UAS_Web_Reza\\ci4\\app\\Views\\view\\about.php')
15 SYSTEMPATH\View\View.php(227): CodeIgniter\View\View->CodeIgniter\View\{closure}()
16 SYSTEMPATH\Common.php(1173): CodeIgniter\View\View->render('view/about', [], true)
17 APPPATH\Controllers\Page.php(9): view('view/about', [...])
18 SYSTEMPATH\CodeIgniter.php(933): App\Controllers\Page->about()
19 SYSTEMPATH\CodeIgniter.php(507): CodeIgniter\CodeIgniter->runController(Object(App\Controllers\Page))
20 SYSTEMPATH\CodeIgniter.php(354): CodeIgniter\CodeIgniter->handleRequest(null, Object(Config\Cache), false)
21 SYSTEMPATH\Boot.php(334): CodeIgniter\CodeIgniter->run()
22 SYSTEMPATH\Boot.php(67): CodeIgniter\Boot::runCodeIgniter(Object(CodeIgniter\CodeIgniter))
23 FCPATH\index.php(56): CodeIgniter\Boot::bootWeb(Object(Config\Paths))
24 SYSTEMPATH\rewrite.php(44): require_once('C:\\Users\\rezaa\\Downloads\\UAS_Web_Reza\\ci4\\public\\index.php')
